make all --print-data-base --no-builtin-variables --no-builtin-rules --question
# GNU Make 3.81
# Copyright (C) 2006  Free Software Foundation, Inc.
# This is free software; see the source for copying conditions.
# There is NO warranty; not even for MERCHANTABILITY or FITNESS FOR A
# PARTICULAR PURPOSE.

# This program built for i386-apple-darwin11.3.0
 
make: *** No rule to make target `all'.  Stop.


# Make data base, printed on Mon Jun  6 11:15:01 2022

# Variables

# environment
JENV_SHELL = zsh
# environment
 
RUBY_VERSION = ruby-3.0.2
# automatic
<D = $(patsubst %/,%,$(dir $<))
# automatic
?F = $(notdir $?)
# environment
LC_CTYPE = UTF-8
# environment
VSCODE_LOG_NATIVE = false
# environment
NVM_INC = /Users/heberthbraga/.nvm/versions/node/v16.10.0/include/node
# automatic
?D = $(patsubst %/,%,$(dir $?))
# environment
GRADLE_HOME = /Users/heberthbraga/.sdkman/candidates/gradle/current
# environment
rvm_path = /Users/heberthbraga/.rvm
# automatic
@D = $(patsubst %/,%,$(dir $@))
# automatic
@F = $(notdir $@)
# makefile
CURDIR := /Users/heberthbraga/Workspace/MyProjects/task_management
# makefile
SHELL = /bin/sh
# environment
VSCODE_NLS_CONFIG = {"locale":"en-us","availableLanguages":{},"_languagePackSupport":true}
# environment
_ = /usr/bin/make
# environment
rvm_system_flag = 
# environment
rvm_ruby_string = ruby-3.1.2
# environment
rvm_file_name = 
# environment
rvm_ruby_mode = 
# environment
rvm_ruby_make = 
# environment
VSCODE_VERBOSE_LOGGING = true
# environment
__CFBundleIdentifier = com.microsoft.VSCode
# environment
INFOPATH = /opt/homebrew/share/info:/opt/homebrew/share/info:
# environment
rvm_proxy = 
# environment
P9K_SSH = 0
# environment
VSCODE_IPC_HOOK_EXTHOST = /var/folders/13/jb9w2c3x1bvc00x78ts_m0f80000gn/T/vscode-ipc-83c377b4-6e26-4bad-bb7a-d58e777ec171.sock
# environment
VSCODE_CWD = /
# environment
rvm_pretty_print_flag = 
# environment
PATH = /Users/heberthbraga/.rvm/gems/ruby-3.0.2/bin:/Users/heberthbraga/.rvm/gems/ruby-3.0.2@global/bin:/Users/heberthbraga/.rvm/rubies/ruby-3.0.2/bin:/usr/local/homebrew/opt/libxslt/bin:/Users/heberthbraga/.pyenv/shims:/Users/heberthbraga/.pyenv/bin:/usr/local/homebrew/bin:/opt/homebrew/bin:/opt/homebrew/opt/openssl@3/bin:/Users/heberthbraga/.nvm/versions/node/v16.10.0/bin:/Users/heberthbraga/.jenv/shims:/Users/heberthbraga/.jenv/bin:/usr/local/opt/openssl/bin:/usr/local/sbin:/opt/homebrew/bin:/opt/homebrew/sbin:/usr/local/bin:/usr/bin:/bin:/usr/sbin:/sbin:/Library/Apple/usr/bin:/Users/heberthbraga/.rvm/gems/ruby-3.1.2@project_management/bin:/Users/heberthbraga/.rvm/gems/ruby-3.1.2@global/bin:/Users/heberthbraga/.rvm/rubies/ruby-3.1.2/bin:/Users/heberthbraga/.rvm/bin:/usr/local/homebrew/opt/libxslt/bin:/Users/heberthbraga/.pyenv/shims:/Users/heberthbraga/.pyenv/bin:/usr/local/homebrew/bin:/Users/heberthbraga/.sdkman/candidates/grails/current/bin:/Users/heberthbraga/.sdkman/candidates/gradle/current/bin:/opt/homebrew/bin:/opt/homebrew/opt/openssl@3/bin:/Users/heberthbraga/.nvm/versions/node/v16.10.0/bin:/Users/heberthbraga/.jenv/shims:/Users/heberthbraga/.jenv/bin:/usr/local/opt/openssl/bin:/usr/local/sbin:/opt/homebrew/sbin:/opt/apache-maven/bin:/Users/heberthbraga/Library/Android/sdk/emulator:/Users/heberthbraga/Library/Android/sdk/tools:/Users/heberthbraga/Library/Android/sdk/tools/bin:/Users/heberthbraga/Library/Android/sdk/platform-tools:/Users/heberthbraga/.rvm/bin:/opt/apache-maven/bin:/Users/heberthbraga/Library/Android/sdk/emulator:/opt/homebrew/bin:/opt/homebrew/opt/openssl@3/bin:/Users/heberthbraga/.nvm/versions/node/v16.10.0/bin:/Users/heberthbraga/.jenv/shims:/Users/heberthbraga/.jenv/bin:/usr/local/opt/openssl/bin:/usr/local/sbin:/opt/homebrew/bin:/opt/homebrew/sbin:/usr/local/bin:/usr/bin:/bin:/usr/sbin:/sbin:/Library/Apple/usr/bin:/Users/heberthbraga/.rvm/gems/ruby-3.1.2@project_management/bin:/Users/heberthbraga/.rvm/gems/ruby-3.1.2@global/bin:/Users/heberthbraga/.rvm/rubies/ruby-3.1.2/bin:/Users/heberthbraga/.rvm/bin:/usr/local/homebrew/opt/libxslt/bin:/Users/heberthbraga/.pyenv/shims:/Users/heberthbraga/.pyenv/bin:/usr/local/homebrew/bin:/Users/heberthbraga/.sdkman/candidates/grails/current/bin:/Users/heberthbraga/.sdkman/candidates/gradle/current/bin:/opt/homebrew/bin:/opt/homebrew/opt/openssl@3/bin:/Users/heberthbraga/.nvm/versions/node/v16.10.0/bin:/Users/heberthbraga/.jenv/shims:/Users/heberthbraga/.jenv/bin:/usr/local/opt/openssl/bin:/usr/local/sbin:/opt/homebrew/sbin:/opt/apache-maven/bin:/Users/heberthbraga/Library/Android/sdk/emulator:/Users/heberthbraga/Library/Android/sdk/tools:/Users/heberthbraga/Library/Android/sdk/tools/bin:/Users/heberthbraga/Library/Android/sdk/platform-tools:/Users/heberthbraga/.rvm/bin:/opt/apache-maven/bin:/Users/heberthbraga/Library/Android/sdk/tools:/opt/homebrew/bin:/opt/homebrew/opt/openssl@3/bin:/Users/heberthbraga/.nvm/versions/node/v16.10.0/bin:/Users/heberthbraga/.jenv/shims:/Users/heberthbraga/.jenv/bin:/usr/local/opt/openssl/bin:/usr/local/sbin:/opt/homebrew/bin:/opt/homebrew/sbin:/usr/local/bin:/usr/bin:/bin:/usr/sbin:/sbin:/Library/Apple/usr/bin:/Users/heberthbraga/.rvm/gems/ruby-3.1.2@project_management/bin:/Users/heberthbraga/.rvm/gems/ruby-3.1.2@global/bin:/Users/heberthbraga/.rvm/rubies/ruby-3.1.2/bin:/Users/heberthbraga/.rvm/bin:/usr/local/homebrew/opt/libxslt/bin:/Users/heberthbraga/.pyenv/shims:/Users/heberthbraga/.pyenv/bin:/usr/local/homebrew/bin:/Users/heberthbraga/.sdkman/candidates/grails/current/bin:/Users/heberthbraga/.sdkman/candidates/gradle/current/bin:/opt/homebrew/bin:/opt/homebrew/opt/openssl@3/bin:/Users/heberthbraga/.nvm/versions/node/v16.10.0/bin:/Users/heberthbraga/.jenv/shims:/Users/heberthbraga/.jenv/bin:/usr/local/opt/openssl/bin:/usr/local/sbin:/opt/homebrew/sbin:/opt/apache-maven/bin:/Users/heberthbraga/Library/Android/sdk/emulator:/Users/heberthbraga/Library/Android/sdk/tools:/Users/heberthbraga/Library/Android/sdk/tools/bin:/Users/heberthbraga/Library/Android/sdk/platform-tools:/Users/heberthbraga/.rvm/bin:/opt/apache-maven/bin:/Users/heberthbraga/Library/Android/sdk/emulator:/opt/homebrew/bin:/opt/homebrew/opt/openssl@3/bin:/Users/heberthbraga/.nvm/versions/node/v16.10.0/bin:/Users/heberthbraga/.jenv/shims:/Users/heberthbraga/.jenv/bin:/usr/local/opt/openssl/bin:/usr/local/sbin:/opt/homebrew/bin:/opt/homebrew/sbin:/usr/local/bin:/usr/bin:/bin:/usr/sbin:/sbin:/Library/Apple/usr/bin:/Users/heberthbraga/.rvm/gems/ruby-3.1.2@project_management/bin:/Users/heberthbraga/.rvm/gems/ruby-3.1.2@global/bin:/Users/heberthbraga/.rvm/rubies/ruby-3.1.2/bin:/Users/heberthbraga/.rvm/bin:/usr/local/homebrew/opt/libxslt/bin:/Users/heberthbraga/.pyenv/shims:/Users/heberthbraga/.pyenv/bin:/usr/local/homebrew/bin:/Users/heberthbraga/.sdkman/candidates/grails/current/bin:/Users/heberthbraga/.sdkman/candidates/gradle/current/bin:/opt/homebrew/bin:/opt/homebrew/opt/openssl@3/bin:/Users/heberthbraga/.nvm/versions/node/v16.10.0/bin:/Users/heberthbraga/.jenv/shims:/Users/heberthbraga/.jenv/bin:/usr/local/opt/openssl/bin:/usr/local/sbin:/opt/homebrew/sbin:/opt/apache-maven/bin:/Users/heberthbraga/Library/Android/sdk/emulator:/Users/heberthbraga/Library/Android/sdk/tools:/Users/heberthbraga/Library/Android/sdk/tools/bin:/Users/heberthbraga/Library/Android/sdk/platform-tools:/Users/heberthbraga/.rvm/bin:/opt/apache-maven/bin:/Users/heberthbraga/Library/Android/sdk/tools/bin:/opt/homebrew/bin:/opt/homebrew/opt/openssl@3/bin:/Users/heberthbraga/.nvm/versions/node/v16.10.0/bin:/Users/heberthbraga/.jenv/shims:/Users/heberthbraga/.jenv/bin:/usr/local/opt/openssl/bin:/usr/local/sbin:/opt/homebrew/bin:/opt/homebrew/sbin:/usr/local/bin:/usr/bin:/bin:/usr/sbin:/sbin:/Library/Apple/usr/bin:/Users/heberthbraga/.rvm/gems/ruby-3.1.2@project_management/bin:/Users/heberthbraga/.rvm/gems/ruby-3.1.2@global/bin:/Users/heberthbraga/.rvm/rubies/ruby-3.1.2/bin:/Users/heberthbraga/.rvm/bin:/usr/local/homebrew/opt/libxslt/bin:/Users/heberthbraga/.pyenv/shims:/Users/heberthbraga/.pyenv/bin:/usr/local/homebrew/bin:/Users/heberthbraga/.sdkman/candidates/grails/current/bin:/Users/heberthbra 
ga/.sdkman/candidates/gradle/current/bin:/opt/homebrew/bin:/opt/homebrew/opt/openssl@3/bin:/Users/heberthbraga/.nvm/versions/node/v16.10.0/bin:/Users/heberthbraga/.jenv/shims:/Users/heberthbraga/.jenv/bin:/usr/local/opt/openssl/bin:/usr/local/sbin:/opt/homebrew/sbin:/opt/apache-maven/bin:/Users/heberthbraga/Library/Android/sdk/emulator:/Users/heberthbraga/Library/Android/sdk/tools:/Users/heberthbraga/Library/Android/sdk/tools/bin:/Users/heberthbraga/Library/Android/sdk/platform-tools:/Users/heberthbraga/.rvm/bin:/opt/apache-maven/bin:/Users/heberthbraga/Library/Android/sdk/emulator:/opt/homebrew/bin:/opt/homebrew/opt/openssl@3/bin:/Users/heberthbraga/.nvm/versions/node/v16.10.0/bin:/Users/heberthbraga/.jenv/shims:/Users/heberthbraga/.jenv/bin:/usr/local/opt/openssl/bin:/usr/local/sbin:/opt/homebrew/bin:/opt/homebrew/sbin:/usr/local/bin:/usr/bin:/bin:/usr/sbin:/sbin:/Library/Apple/usr/bin:/Users/heberthbraga/.rvm/gems/ruby-3.1.2@project_management/bin:/Users/heberthbraga/.rvm/gems/ruby-3.1.2@global/bin:/Users/heberthbraga/.rvm/rubies/ruby-3.1.2/bin:/Users/heberthbraga/.rvm/bin:/usr/local/homebrew/opt/libxslt/bin:/Users/heberthbraga/.pyenv/shims:/Users/heberthbraga/.pyenv/bin:/usr/local/homebrew/bin:/Users/heberthbraga/.sdkman/candidates/grails/current/bin:/Users/heberthbraga/.sdkman/candidates/gradle/current/bin:/opt/homebrew/bin:/opt/homebrew/opt/openssl@3/bin:/Users/heberthbraga/.nvm/versions/node/v16.10.0/bin:/Users/heberthbraga/.jenv/shims:/Users/heberthbraga/.jenv/bin:/usr/local/opt/openssl/bin:/usr/local/sbin:/opt/homebrew/sbin:/opt/apache-maven/bin:/Users/heberthbraga/Library/Android/sdk/emulator:/Users/heberthbraga/Library/Android/sdk/tools:/Users/heberthbraga/Library/Android/sdk/tools/bin:/Users/heberthbraga/Library/Android/sdk/platform-tools:/Users/heberthbraga/.rvm/bin:/opt/apache-maven/bin:/Users/heberthbraga/Library/Android/sdk/tools:/opt/homebrew/bin:/opt/homebrew/opt/openssl@3/bin:/Users/heberthbraga/.nvm/versions/node/v16.10.0/bin:/Users/heberthbraga/.jenv/shims:/Users/heberthbraga/.jenv/bin:/usr/local/opt/openssl/bin:/usr/local/sbin:/opt/homebrew/bin:/opt/homebrew/sbin:/usr/local/bin:/usr/bin:/bin:/usr/sbin:/sbin:/Library/Apple/usr/bin:/Users/heberthbraga/.rvm/gems/ruby-3.1.2@project_management/bin:/Users/heberthbraga/.rvm/gems/ruby-3.1.2@global/bin:/Users/heberthbraga/.rvm/rubies/ruby-3.1.2/bin:/Users/heberthbraga/.rvm/bin:/usr/local/homebrew/opt/libxslt/bin:/Users/heberthbraga/.pyenv/shims:/Users/heberthbraga/.pyenv/bin:/usr/local/homebrew/bin:/Users/heberthbraga/.sdkman/candidates/grails/current/bin:/Users/heberthbraga/.sdkman/candidates/gradle/current/bin:/opt/homebrew/bin:/opt/homebrew/opt/openssl@3/bin:/Users/heberthbraga/.nvm/versions/node/v16.10.0/bin:/Users/heberthbraga/.jenv/shims:/Users/heberthbraga/.jenv/bin:/usr/local/opt/openssl/bin:/usr/local/sbin:/opt/homebrew/sbin:/opt/apache-maven/bin:/Users/heberthbraga/Library/Android/sdk/emulator:/Users/heberthbraga/Library/Android/sdk/tools:/Users/heberthbraga/Library/Android/sdk/tools/bin:/Users/heberthbraga/Library/Android/sdk/platform-tools:/Users/heberthbraga/.rvm/bin:/opt/apache-maven/bin:/Users/heberthbraga/Library/Android/sdk/emulator:/opt/homebrew/bin:/opt/homebrew/opt/openssl@3/bin:/Users/heberthbraga/.nvm/versions/node/v16.10.0/bin:/Users/heberthbraga/.jenv/shims:/Users/heberthbraga/.jenv/bin:/usr/local/opt/openssl/bin:/usr/local/sbin:/opt/homebrew/bin:/opt/homebrew/sbin:/usr/local/bin:/usr/bin:/bin:/usr/sbin:/sbin:/Library/Apple/usr/bin:/Users/heberthbraga/.rvm/gems/ruby-3.1.2@project_management/bin:/Users/heberthbraga/.rvm/gems/ruby-3.1.2@global/bin:/Users/heberthbraga/.rvm/rubies/ruby-3.1.2/bin:/Users/heberthbraga/.rvm/bin:/usr/local/homebrew/opt/libxslt/bin:/Users/heberthbraga/.pyenv/shims:/Users/heberthbraga/.pyenv/bin:/usr/local/homebrew/bin:/Users/heberthbraga/.sdkman/candidates/grails/current/bin:/Users/heberthbraga/.sdkman/candidates/gradle/current/bin:/opt/homebrew/bin:/opt/homebrew/opt/openssl@3/bin:/Users/heberthbraga/.nvm/versions/node/v16.10.0/bin:/Users/heberthbraga/.jenv/shims:/Users/heberthbraga/.jenv/bin:/usr/local/opt/openssl/bin:/usr/local/sbin:/opt/homebrew/sbin:/opt/apache-maven/bin:/Users/heberthbraga/Library/Android/sdk/emulator:/Users/heberthbraga/Library/Android/sdk/tools:/Users/heberthbraga/Library/Android/sdk/tools/bin:/Users/heberthbraga/Library/Android/sdk/platform-tools:/Users/heberthbraga/.rvm/bin:/opt/apache-maven/bin:/Users/heberthbraga/Library/Android/sdk/platform-tools:/opt/homebrew/bin:/opt/homebrew/opt/openssl@3/bin:/Users/heberthbraga/.nvm/versions/node/v16.10.0/bin:/Users/heberthbraga/.jenv/shims:/Users/heberthbraga/.jenv/bin:/usr/local/opt/openssl/bin:/usr/local/sbin:/opt/homebrew/bin:/opt/homebrew/sbin:/usr/local/bin:/usr/bin:/bin:/usr/sbin:/sbin:/Library/Apple/usr/bin:/Users/heberthbraga/.rvm/gems/ruby-3.1.2@project_management/bin:/Users/heberthbraga/.rvm/gems/ruby-3.1.2@global/bin:/Users/heberthbraga/.rvm/rubies/ruby-3.1.2/bin:/Users/heberthbraga/.rvm/bin:/usr/local/homebrew/opt/libxslt/bin:/Users/heberthbraga/.pyenv/shims:/Users/heberthbraga/.pyenv/bin:/usr/local/homebrew/bin:/Users/heberthbraga/.sdkman/candidates/grails/current/bin:/Users/heberthbraga/.sdkman/candidates/gradle/current/bin:/opt/homebrew/bin:/opt/homebrew/opt/openssl@3/bin:/Users/heberthbraga/.nvm/versions/node/v16.10.0/bin:/Users/heberthbraga/.jenv/shims:/Users/heberthbraga/.jenv/bin:/usr/local/opt/openssl/bin:/usr/local/sbin:/opt/homebrew/sbin:/opt/apache-maven/bin:/Users/heberthbraga/Library/Android/sdk/emulator:/Users/heberthbraga/Library/Android/sdk/tools:/Users/heberthbraga/Library/Android/sdk/tools/bin:/Users/heberthbraga/Library/Android/sdk/platform-tools:/Users/heberthbraga/.rvm/bin:/opt/apache-maven/bin:/Users/heberthbraga/Library/Android/sdk/emulator:/opt/homebrew/bin:/opt/homebrew/opt/openssl@3/bin:/Users/heberthbraga/.nvm/versions/node/v16.10.0/bin:/Users/heberthbraga/.jenv/shims:/Users/heberthbraga/.jenv/bin:/usr/local/opt/openssl/bin:/usr/local/sbin:/opt/homebrew/bin:/opt/homebrew/sbin:/usr/local/bin:/usr/bin:/bin:/usr/sbin:/sbin:/Library/Apple/usr/bin:/Users/heberthbraga/.rvm/gems/ruby-3.1.2@project_management/bin:/Users/heberthbraga/.rvm/gems/ruby-3.1.2@global/bin:/Users/heberthbraga/.rvm/rubies/ruby-3.1.2/bin:/Users/heberthbraga/.rvm/bin:/usr/local/homebrew/opt/libxslt/bin:/Users/heberthbraga/.pyenv/shims:/Users/heberthbraga/.pyenv/bin:/usr/local/homebrew/bin:/Users/heberthbraga/.sdkman/candidates/grails/current/bin:/Users/heberthbraga/.sdkman/candidates/gradle/current/bin:/opt/homebrew/bin:/opt/homebrew/opt/openssl@3/bin:/Users/heberthbraga/.nvm/versions/node/v16.10.0/bin:/Users/heberthbraga/.jenv/shims:/Users/heberthbraga/.jenv/bin:/usr/local/opt/openssl/bin:/usr/local/sbin:/opt/homebrew/sbin:/opt/apache-maven/bin:/Users/heberthbraga/Library/Android/sdk/emulator:/Users/heberthbraga/Library/Android/sdk/tools:/Users/heberthbraga/Library/Android/sdk/tools/bin:/Users/heberthbraga/Library/Android/sdk/platform-tools:/Users/heberthbraga/.rvm/bin:/opt/apache-maven/bin:/Users/heberthbraga/Library/Android/sdk/tools:/opt/homebrew/bin:/opt/homebrew/opt/openssl@3/bin:/Users/heberthbraga/.nvm/versions/node/v16.10.0/bin:/Users/heberthbraga/.jenv/shims:/Users/heberthbraga/.jenv/bin:/usr/local/opt/openssl/bin:/usr/local/sbin:/opt/homebrew/bin:/opt/homebrew/sbin:/usr/local/bin:/usr/bin:/bin:/usr/sbin:/sbin:/Library/Apple/usr/bin:/Users/heberthbraga/.rvm/gems/ruby-3.1.2@project_management/bin:/Users/heberthbraga/.rvm/gems/ruby-3.1.2@global/bin:/Users/heberthbraga/.rvm/rubies/ruby-3.1.2/bin:/Users/heberthbraga/.rvm/bin:/usr/local/homebrew/opt/libxslt/bin:/Users/heberthbraga/.pyenv/shims:/Users/heberthbraga/.pyenv/bin:/usr/local/homebrew/bin:/Users/heberthbraga/.sdkman/candidates/grails/current/bin:/Users/heberthbraga/.sdkman/candidates/gradle/current/bin:/opt/homebrew/bin:/opt/homebrew/opt/openssl@3/bin:/Users/heberthbraga/.nvm/versions/node/v16.10.0/bin:/Users/heberthbraga/.jenv/shims:/Users/heberthbraga/.jenv/bin:/usr/local/opt/openssl/bin:/usr/local/sbin:/opt/homebrew/sbin:/opt/apache-maven/bin:/Users/heberthbraga/Library/Android/sdk/emulator:/Users/heberthbraga/Library/Android/sdk/tools:/Users/heberthbraga/Library/Android/sdk/tools/bin:/Users 
/heberthbraga/Library/Android/sdk/platform-tools:/Users/heberthbraga/.rvm/bin:/opt/apache-maven/bin:/Users/heberthbraga/Library/Android/sdk/emulator:/opt/homebrew/bin:/opt/homebrew/opt/openssl@3/bin:/Users/heberthbraga/.nvm/versions/node/v16.10.0/bin:/Users/heberthbraga/.jenv/shims:/Users/heberthbraga/.jenv/bin:/usr/local/opt/openssl/bin:/usr/local/sbin:/opt/homebrew/bin:/opt/homebrew/sbin:/usr/local/bin:/usr/bin:/bin:/usr/sbin:/sbin:/Library/Apple/usr/bin:/Users/heberthbraga/.rvm/gems/ruby-3.1.2@project_management/bin:/Users/heberthbraga/.rvm/gems/ruby-3.1.2@global/bin:/Users/heberthbraga/.rvm/rubies/ruby-3.1.2/bin:/Users/heberthbraga/.rvm/bin:/usr/local/homebrew/opt/libxslt/bin:/Users/heberthbraga/.pyenv/shims:/Users/heberthbraga/.pyenv/bin:/usr/local/homebrew/bin:/Users/heberthbraga/.sdkman/candidates/grails/current/bin:/Users/heberthbraga/.sdkman/candidates/gradle/current/bin:/opt/homebrew/bin:/opt/homebrew/opt/openssl@3/bin:/Users/heberthbraga/.nvm/versions/node/v16.10.0/bin:/Users/heberthbraga/.jenv/shims:/Users/heberthbraga/.jenv/bin:/usr/local/opt/openssl/bin:/usr/local/sbin:/opt/homebrew/sbin:/opt/apache-maven/bin:/Users/heberthbraga/Library/Android/sdk/emulator:/Users/heberthbraga/Library/Android/sdk/tools:/Users/heberthbraga/Library/Android/sdk/tools/bin:/Users/heberthbraga/Library/Android/sdk/platform-tools:/Users/heberthbraga/.rvm/bin:/opt/apache-maven/bin:/Users/heberthbraga/Library/Android/sdk/tools/bin:/opt/homebrew/bin:/opt/homebrew/opt/openssl@3/bin:/Users/heberthbraga/.nvm/versions/node/v16.10.0/bin:/Users/heberthbraga/.jenv/shims:/Users/heberthbraga/.jenv/bin:/usr/local/opt/openssl/bin:/usr/local/sbin:/opt/homebrew/bin:/opt/homebrew/sbin:/usr/local/bin:/usr/bin:/bin:/usr/sbin:/sbin:/Library/Apple/usr/bin:/Users/heberthbraga/.rvm/gems/ruby-3.1.2@project_management/bin:/Users/heberthbraga/.rvm/gems/ruby-3.1.2@global/bin:/Users/heberthbraga/.rvm/rubies/ruby-3.1.2/bin:/Users/heberthbraga/.rvm/bin:/usr/local/homebrew/opt/libxslt/bin:/Users/heberthbraga/.pyenv/shims:/Users/heberthbraga/.pyenv/bin:/usr/local/homebrew/bin:/Users/heberthbraga/.sdkman/candidates/grails/current/bin:/Users/heberthbraga/.sdkman/candidates/gradle/current/bin:/opt/homebrew/bin:/opt/homebrew/opt/openssl@3/bin:/Users/heberthbraga/.nvm/versions/node/v16.10.0/bin:/Users/heberthbraga/.jenv/shims:/Users/heberthbraga/.jenv/bin:/usr/local/opt/openssl/bin:/usr/local/sbin:/opt/homebrew/sbin:/opt/apache-maven/bin:/Users/heberthbraga/Library/Android/sdk/emulator:/Users/heberthbraga/Library/Android/sdk/tools:/Users/heberthbraga/Library/Android/sdk/tools/bin:/Users/heberthbraga/Library/Android/sdk/platform-tools:/Users/heberthbraga/.rvm/bin:/opt/apache-maven/bin:/Users/heberthbraga/Library/Android/sdk/emulator:/opt/homebrew/bin:/opt/homebrew/opt/openssl@3/bin:/Users/heberthbraga/.nvm/versions/node/v16.10.0/bin:/Users/heberthbraga/.jenv/shims:/Users/heberthbraga/.jenv/bin:/usr/local/opt/openssl/bin:/usr/local/sbin:/opt/homebrew/bin:/opt/homebrew/sbin:/usr/local/bin:/usr/bin:/bin:/usr/sbin:/sbin:/Library/Apple/usr/bin:/Users/heberthbraga/.rvm/gems/ruby-3.1.2@project_management/bin:/Users/heberthbraga/.rvm/gems/ruby-3.1.2@global/bin:/Users/heberthbraga/.rvm/rubies/ruby-3.1.2/bin:/Users/heberthbraga/.rvm/bin:/usr/local/homebrew/opt/libxslt/bin:/Users/heberthbraga/.pyenv/shims:/Users/heberthbraga/.pyenv/bin:/usr/local/homebrew/bin:/Users/heberthbraga/.sdkman/candidates/grails/current/bin:/Users/heberthbraga/.sdkman/candidates/gradle/current/bin:/opt/homebrew/bin:/opt/homebrew/opt/openssl@3/bin:/Users/heberthbraga/.nvm/versions/node/v16.10.0/bin:/Users/heberthbraga/.jenv/shims:/Users/heberthbraga/.jenv/bin:/usr/local/opt/openssl/bin:/usr/local/sbin:/opt/homebrew/sbin:/opt/apache-maven/bin:/Users/heberthbraga/Library/Android/sdk/emulator:/Users/heberthbraga/Library/Android/sdk/tools:/Users/heberthbraga/Library/Android/sdk/tools/bin:/Users/heberthbraga/Library/Android/sdk/platform-tools:/Users/heberthbraga/.rvm/bin:/opt/apache-maven/bin:/Users/heberthbraga/Library/Android/sdk/tools:/opt/homebrew/bin:/opt/homebrew/opt/openssl@3/bin:/Users/heberthbraga/.nvm/versions/node/v16.10.0/bin:/Users/heberthbraga/.jenv/shims:/Users/heberthbraga/.jenv/bin:/usr/local/opt/openssl/bin:/usr/local/sbin:/opt/homebrew/bin:/opt/homebrew/sbin:/usr/local/bin:/usr/bin:/bin:/usr/sbin:/sbin:/Library/Apple/usr/bin:/Users/heberthbraga/.rvm/gems/ruby-3.1.2@project_management/bin:/Users/heberthbraga/.rvm/gems/ruby-3.1.2@global/bin:/Users/heberthbraga/.rvm/rubies/ruby-3.1.2/bin:/Users/heberthbraga/.rvm/bin:/usr/local/homebrew/opt/libxslt/bin:/Users/heberthbraga/.pyenv/shims:/Users/heberthbraga/.pyenv/bin:/usr/local/homebrew/bin:/Users/heberthbraga/.sdkman/candidates/grails/current/bin:/Users/heberthbraga/.sdkman/candidates/gradle/current/bin:/opt/homebrew/bin:/opt/homebrew/opt/openssl@3/bin:/Users/heberthbraga/.nvm/versions/node/v16.10.0/bin:/Users/heberthbraga/.jenv/shims:/Users/heberthbraga/.jenv/bin:/usr/local/opt/openssl/bin:/usr/local/sbin:/opt/homebrew/sbin:/opt/apache-maven/bin:/Users/heberthbraga/Library/Android/sdk/emulator:/Users/heberthbraga/Library/Android/sdk/tools:/Users/heberthbraga/Library/Android/sdk/tools/bin:/Users/heberthbraga/Library/Android/sdk/platform-tools:/Users/heberthbraga/.rvm/bin:/opt/apache-maven/bin:/Users/heberthbraga/Library/Android/sdk/emulator:/opt/homebrew/bin:/opt/homebrew/opt/openssl@3/bin:/Users/heberthbraga/.nvm/versions/node/v16.10.0/bin:/Users/heberthbraga/.jenv/shims:/Users/heberthbraga/.jenv/bin:/usr/local/opt/openssl/bin:/usr/local/sbin:/opt/homebrew/bin:/opt/homebrew/sbin:/usr/local/bin:/usr/bin:/bin:/usr/sbin:/sbin:/Library/Apple/usr/bin:/Users/heberthbraga/.rvm/gems/ruby-3.1.2@project_management/bin:/Users/heberthbraga/.rvm/gems/ruby-3.1.2@global/bin:/Users/heberthbraga/.rvm/rubies/ruby-3.1.2/bin:/Users/heberthbraga/.rvm/bin:/usr/local/homebrew/opt/libxslt/bin:/Users/heberthbraga/.pyenv/shims:/Users/heberthbraga/.pyenv/bin:/usr/local/homebrew/bin:/Users/heberthbraga/.sdkman/candidates/grails/current/bin:/Users/heberthbraga/.sdkman/candidates/gradle/current/bin:/opt/homebrew/bin:/opt/homebrew/opt/openssl@3/bin:/Users/heberthbraga/.nvm/versions/node/v16.10.0/bin:/Users/heberthbraga/.jenv/shims:/Users/heberthbraga/.jenv/bin:/usr/local/opt/openssl/bin:/usr/local/sbin:/opt/homebrew/sbin:/opt/apache-maven/bin:/Users/heberthbraga/Library/Android/sdk/emulator:/Users/heberthbraga/Library/Android/sdk/tools:/Users/heberthbraga/Library/Android/sdk/tools/bin:/Users/heberthbraga/Library/Android/sdk/platform-tools:/Users/heberthbraga/.rvm/bin:/opt/apache-maven/bin
# makefile (from `Makefile', line 4)
DOCKER_COMPOSE_CMD := docker-compose -f docker/compose/local.yml
# environment
LSCOLORS = Gxfxcxdxbxegedabagacad
# environment
rvm_niceness = 
# environment
SDKMAN_DIR = /Users/heberthbraga/.sdkman
# makefile (from `Makefile', line 1)
MAKEFILE_LIST :=  Makefile
# environment
SDKMAN_CANDIDATES_API = https://api.sdkman.io/2
# environment
NVM_BIN = /Users/heberthbraga/.nvm/versions/node/v16.10.0/bin
# environment
rvm_only_path_flag = 
# environment
LaunchInstanceID = EDA4F602-0B6D-4A52-AECC-77AA8FC28B51
# environment
SDKMAN_PLATFORM = darwinarm64
# environment
VSCODE_LOG_STACK = false
# environment
ELECTRON_RUN_AS_NODE = 1
# environment
PYENV_ROOT = /Users/heberthbraga/.pyenv
# environment
rvm_alias_expanded = 
# environment
ANDROID_HOME = /Users/heberthbraga/Library/Android/sdk
# default
.FEATURES := target-specific order-only second-expansion else-if archives jobserver check-symlink
# environment
rvm_sticky_flag = 
# environment
rvm_user_flag = 
# environment
SSH_AUTH_SOCK = /private/tmp/com.apple.launchd.fywGY0KB1x/Listeners
# automatic
%F = $(notdir $%)
# environment
VSCODE_PIPE_LOGGING = true
# environment
rvm_bin_path = /Users/heberthbraga/.rvm/bin
# environment
PWD = /Users/heberthbraga/Workspace/MyProjects/task_management
# environment
HOMEBREW_CELLAR = /opt/homebrew/Cellar
# environment
GEM_HOME = /Users/heberthbraga/.rvm/gems/ruby-3.0.2
# environment
rvm_gemstone_package_file = 
# environment
rvm_docs_type = 
# environment
rvm_script_name = 
# environment
ORIGINAL_XDG_CURRENT_DESKTOP = undefined
# environment
 
MANPATH = /Users/heberthbraga/.nvm/versions/node/v16.10.0/share/man:/opt/homebrew/share/man:/usr/share/man:/usr/local/share/man:/Users/heberthbraga/.nvm/versions/node/v16.10.0/share/man:/opt/homebrew/share/man:
# environment
VSCODE_AMD_ENTRYPOINT = vs/workbench/api/node/extensionHostProcess
# environment
PYENV_SHELL = zsh
# environment
HOME = /Users/heberthbraga
# default
MAKEFILEPATH := /Applications/Xcode.app/Contents/Developer/Makefiles
# environment
VSCODE_CODE_CACHE_PATH = /Users/heberthbraga/Library/Application Support/Code/CachedData/c3511e6c69bb39013c4a4b7b9566ec1ca73fc4d5
# environment
LOGNAME = heberthbraga
# environment
APPLICATION_INSIGHTS_NO_DIAGNOSTIC_CHANNEL = 1
# environment
NVM_CD_FLAGS = -q
# environment
ZSH = /Users/heberthbraga/.oh-my-zsh
# environment
VSCODE_HANDLES_UNCAUGHT_ERRORS = true
# automatic
^D = $(patsubst %/,%,$(dir $^))
# environment
rvm_ruby_bits = 
# environment
GEM_PATH = /Users/heberthbraga/.rvm/gems/ruby-3.0.2:/Users/heberthbraga/.rvm/gems/ruby-3.0.2@global
# environment
XPC_FLAGS = 0x0
# environment
SDKMAN_VERSION = 5.13.2
# environment
rvm_ruby_make_install = 
# default
MAKE = $(MAKE_COMMAND)
# default
MAKECMDGOALS := all
# environment
IRBRC = /Users/heberthbraga/.rvm/rubies/ruby-3.0.2/.irbrc
# environment
SHLVL = 2
# environment
rvm_quiet_flag = 
# default
MAKE_VERSION := 3.81
# environment
USER = heberthbraga
# makefile
.DEFAULT_GOAL := drop-volumes
# environment
TERM_SESSION_ID = 4BDF353D-2FDA-4425-A4E8-EC1B0FA80543
# environment
JENV_LOADED = 1
# environment
rvm_version = 1.29.12-next (master)
# environment
LESS = -R
# automatic
%D = $(patsubst %/,%,$(dir $%))
# makefile (from `Makefile', line 3)
COMPOSE_FILE := docker/compose/local.yml
# default
MAKE_COMMAND := /Applications/Xcode.app/Contents/Developer/usr/bin/make
# environment
rvm_delete_flag = 0
# environment
TERM_PROGRAM = Apple_Terminal
# default
.VARIABLES := 
# environment
TMPDIR = /var/folders/13/jb9w2c3x1bvc00x78ts_m0f80000gn/T/
# automatic
*F = $(notdir $*)
# environment
VSCODE_IPC_HOOK = /Users/heberthbraga/Library/Application Support/Code/1.67.2-main.sock
# makefile
MAKEFLAGS = Rrqp
# environment
MFLAGS = -Rrqp
# automatic
*D = $(patsubst %/,%,$(dir $*))
# environment
TERM_PROGRAM_VERSION = 445
# environment
NVM_DIR = /Users/heberthbraga/.nvm
# environment
XPC_SERVICE_NAME = application.com.microsoft.VSCode.30024728.30024734
# environment
HOMEBREW_PREFIX = /opt/homebrew
# automatic
+D = $(patsubst %/,%,$(dir $+))
# environment
GRAILS_HOME = /Users/heberthbraga/.sdkman/candidates/grails/current
# automatic
+F = $(notdir $+)
# environment
rvm_sdk = 
# environment
HOMEBREW_REPOSITORY = /opt/homebrew
# environment
rvm_ruby_alias = 
# environment
__CF_USER_TEXT_ENCODING = 0x1F5:0x0:0x0
# environment
COMMAND_MODE = unix2003
# default
MAKEFILES := 
# automatic
<F = $(notdir $<)
# environment
rvm_silent_flag = 
# environment
rvm_gemstone_url = 
# environment
SDKMAN_CANDIDATES_DIR = /Users/heberthbraga/.sdkman/candidates
# environment
PAGER = less
# environment
ANDROID_SDK_ROOT = /Users/heberthbraga/Library/Android/sdk
# environment
LC_ALL = C
# makefile (from `Makefile', line 5)
ROOT_NAME := task_management
# environment
rvm_bin_flag = 
# environment
SECURITYSESSIONID = 186a5
# environment
P9K_TTY = old
# automatic
^F = $(notdir $^)
# environment
rvm_prefix = /Users/heberthbraga
# default
SUFFIXES := 
# environment
rvm_ruby_file = 
# default
.INCLUDE_DIRS = /usr/local/include
# environment
MAKELEVEL := 0
# environment
FREEDESKTOP_MIME_TYPES_PATH = /Users/heberthbraga/Public/freedesktop.org.xml:/opt/homebrew/bin:/opt/homebrew/opt/openssl@3/bin:/Users/heberthbraga/.nvm/versions/node/v16.10.0/bin:/Users/heberthbraga/.jenv/shims:/Users/heberthbraga/.jenv/bin:/usr/local/opt/openssl/bin:/usr/local/sbin:/opt/homebrew/bin:/opt/homebrew/sbin:/usr/local/bin:/usr/bin:/bin:/usr/sbin:/sbin:/Library/Apple/usr/bin:/Users/heberthbraga/.rvm/gems/ruby-3.1.2@project_management/bin:/Users/heberthbraga/.rvm/gems/ruby-3.1.2@global/bin:/Users/heberthbraga/.rvm/rubies/ruby-3.1.2/bin:/Users/heberthbraga/.rvm/bin:/usr/local/homebrew/opt/libxslt/bin:/Users/heberthbraga/.pyenv/shims:/Users/heberthbraga/.pyenv/bin:/usr/local/homebrew/bin:/Users/heberthbraga/.sdkman/candidates/grails/current/bin:/Users/heberthbraga/.sdkman/candidates/gradle/current/bin:/opt/homebrew/bin:/opt/homebrew/opt/openssl@3/bin:/Users/heberthbraga/.nvm/versions/node/v16.10.0/bin:/Users/heberthbraga/.jenv/shims:/Users/heberthbraga/.jenv/bin:/usr/local/opt/openssl/bin:/usr/local/sbin:/opt/homebrew/sbin:/opt/apache-maven/bin:/Users/heberthbraga/Library/Android/sdk/emulator:/Users/heberthbraga/Library/Android/sdk/tools:/Users/heberthbraga/Library/Android/sdk/tools/bin:/Users/heberthbraga/Library/Android/sdk/platform-tools:/Users/heberthbraga/.rvm/bin:/opt/apache-maven/bin:/Users/heberthbraga/Library/Android/sdk/emulator:/opt/homebrew/bin:/opt/homebrew/opt/openssl@3/bin:/Users/heberthbraga/.nvm/versions/node/v16.10.0/bin:/Users/heberthbraga/.jenv/shims:/Users/heberthbraga/.jenv/bin:/usr/local/opt/openssl/bin:/usr/local/sbin:/opt/homebrew/bin:/opt/homebrew/sbin:/usr/local/bin:/usr/bin:/bin:/usr/sbin:/sbin:/Library/Apple/usr/bin:/Users/heberthbraga/.rvm/gems/ruby-3.1.2@project_management/bin:/Users/heberthbraga/.rvm/gems/ruby-3.1.2@global/bin:/Users/heberthbraga/.rvm/rubies/ruby-3.1.2/bin:/Users/heberthbraga/.rvm/bin:/usr/local/homebrew/opt/libxslt/bin:/Users/heberthbraga/.pyenv/shims:/Users/heberthbraga/.pyenv/bin:/usr/local/homebrew/bin:/Users/heberthbraga/.sdkman/candidates/grails/current/bin:/Users/heberthbraga/.sdkman/candidates/gradle/current/bin:/opt/homebrew/bin:/opt/homebrew/opt/openssl@3/bin:/Users/heberthbraga/.nvm/versions/node/v16.10.0/bin:/Users/heberthbraga/.jenv/shims:/Users/heberthbraga/.jenv/bin:/usr/local/opt/openssl/bin:/usr/local/sbin:/opt/homebrew/sbin:/opt/apache-maven/bin:/Users/heberthbraga/Library/Android/sdk/emulator:/Users/heberthbraga/Library/Android/sdk/tools:/Users/heberthbraga/Library/Android/sdk/tools/bin:/Users/heberthbraga/Library/Android/sdk/platform-tools:/Users/heberthbraga/.rvm/bin:/opt/apache-maven/bin:/Users/heberthbraga/Library/Android/sdk/tools:/opt/homebrew/bin:/opt/homebrew/opt/openssl@3/bin:/Users/heberthbraga/.nvm/versions/node/v16.10.0/bin:/Users/heberthbraga/.jenv/shims:/Users/heberthbraga/.jenv/bin:/usr/local/opt/openssl/bin:/usr/local/sbin:/opt/homebrew/bin:/opt/homebrew/sbin:/usr/local/bin:/usr/bin:/bin:/usr/sbin:/sbin:/Library/Apple/usr/bin:/Users/heberthbraga/.rvm/gems/ruby-3.1.2@project_management/bin:/Users/heberthbraga/.rvm/gems/ruby-3.1.2@global/bin:/Users/heberthbraga/.rvm/rubies/ruby-3.1.2/bin:/Users/heberthbraga/.rvm/bin:/usr/local/homebrew/opt/libxslt/bin:/Users/heberthbraga/.pyenv/shims:/Users/heberthbraga/.pyenv/bin:/usr/local/homebrew/bin:/Users/heberthbraga/.sdkman/candidates/grails/current/bin:/Users/heberthbraga/.sdkman/candidates/gradle/current/bin:/opt/homebrew/bin:/opt/homebrew/opt/openssl@3/bin:/Users/heberthbraga/.nvm/versions/node/v16.10.0/bin:/Users/heberthbraga/.jenv/shims:/Users/heberthbraga/.jenv/bin:/usr/local/opt/openssl/bin:/usr/local/sbin:/opt/homebrew/sbin:/opt/apache-maven/bin:/Users/heberthbraga/Library/Android/sdk/emulator:/Users/heberthbraga/Library/Android/sdk/tools:/Users/heberthbraga/Library/Android/sdk/tools/bin:/Users/heberthbraga/Library/Android/sdk/platform-tools:/Users/heberthbraga/.rvm/bin:/opt/apache-maven/bin:/Users/heberthbraga/Library/Android/sdk/emulator:/opt/homebrew/bin:/opt/homebrew/opt/openssl@3/bin:/Users/heberthbraga/.nvm/versions/node/v16.10.0/bin:/Users/heberthbraga/.jenv/shims:/Users/heber 
thbraga/.jenv/bin:/usr/local/opt/openssl/bin:/usr/local/sbin:/opt/homebrew/bin:/opt/homebrew/sbin:/usr/local/bin:/usr/bin:/bin:/usr/sbin:/sbin:/Library/Apple/usr/bin:/Users/heberthbraga/.rvm/gems/ruby-3.1.2@project_management/bin:/Users/heberthbraga/.rvm/gems/ruby-3.1.2@global/bin:/Users/heberthbraga/.rvm/rubies/ruby-3.1.2/bin:/Users/heberthbraga/.rvm/bin:/usr/local/homebrew/opt/libxslt/bin:/Users/heberthbraga/.pyenv/shims:/Users/heberthbraga/.pyenv/bin:/usr/local/homebrew/bin:/Users/heberthbraga/.sdkman/candidates/grails/current/bin:/Users/heberthbraga/.sdkman/candidates/gradle/current/bin:/opt/homebrew/bin:/opt/homebrew/opt/openssl@3/bin:/Users/heberthbraga/.nvm/versions/node/v16.10.0/bin:/Users/heberthbraga/.jenv/shims:/Users/heberthbraga/.jenv/bin:/usr/local/opt/openssl/bin:/usr/local/sbin:/opt/homebrew/sbin:/opt/apache-maven/bin:/Users/heberthbraga/Library/Android/sdk/emulator:/Users/heberthbraga/Library/Android/sdk/tools:/Users/heberthbraga/Library/Android/sdk/tools/bin:/Users/heberthbraga/Library/Android/sdk/platform-tools:/Users/heberthbraga/.rvm/bin:/opt/apache-maven/bin:/Users/heberthbraga/Library/Android/sdk/tools/bin:/opt/homebrew/bin:/opt/homebrew/opt/openssl@3/bin:/Users/heberthbraga/.nvm/versions/node/v16.10.0/bin:/Users/heberthbraga/.jenv/shims:/Users/heberthbraga/.jenv/bin:/usr/local/opt/openssl/bin:/usr/local/sbin:/opt/homebrew/bin:/opt/homebrew/sbin:/usr/local/bin:/usr/bin:/bin:/usr/sbin:/sbin:/Library/Apple/usr/bin:/Users/heberthbraga/.rvm/gems/ruby-3.1.2@project_management/bin:/Users/heberthbraga/.rvm/gems/ruby-3.1.2@global/bin:/Users/heberthbraga/.rvm/rubies/ruby-3.1.2/bin:/Users/heberthbraga/.rvm/bin:/usr/local/homebrew/opt/libxslt/bin:/Users/heberthbraga/.pyenv/shims:/Users/heberthbraga/.pyenv/bin:/usr/local/homebrew/bin:/Users/heberthbraga/.sdkman/candidates/grails/current/bin:/Users/heberthbraga/.sdkman/candidates/gradle/current/bin:/opt/homebrew/bin:/opt/homebrew/opt/openssl@3/bin:/Users/heberthbraga/.nvm/versions/node/v16.10.0/bin:/Users/heberthbraga/.jenv/shims:/Users/heberthbraga/.jenv/bin:/usr/local/opt/openssl/bin:/usr/local/sbin:/opt/homebrew/sbin:/opt/apache-maven/bin:/Users/heberthbraga/Library/Android/sdk/emulator:/Users/heberthbraga/Library/Android/sdk/tools:/Users/heberthbraga/Library/Android/sdk/tools/bin:/Users/heberthbraga/Library/Android/sdk/platform-tools:/Users/heberthbraga/.rvm/bin:/opt/apache-maven/bin:/Users/heberthbraga/Library/Android/sdk/emulator:/opt/homebrew/bin:/opt/homebrew/opt/openssl@3/bin:/Users/heberthbraga/.nvm/versions/node/v16.10.0/bin:/Users/heberthbraga/.jenv/shims:/Users/heberthbraga/.jenv/bin:/usr/local/opt/openssl/bin:/usr/local/sbin:/opt/homebrew/bin:/opt/homebrew/sbin:/usr/local/bin:/usr/bin:/bin:/usr/sbin:/sbin:/Library/Apple/usr/bin:/Users/heberthbraga/.rvm/gems/ruby-3.1.2@project_management/bin:/Users/heberthbraga/.rvm/gems/ruby-3.1.2@global/bin:/Users/heberthbraga/.rvm/rubies/ruby-3.1.2/bin:/Users/heberthbraga/.rvm/bin:/usr/local/homebrew/opt/libxslt/bin:/Users/heberthbraga/.pyenv/shims:/Users/heberthbraga/.pyenv/bin:/usr/local/homebrew/bin:/Users/heberthbraga/.sdkman/candidates/grails/current/bin:/Users/heberthbraga/.sdkman/candidates/gradle/current/bin:/opt/homebrew/bin:/opt/homebrew/opt/openssl@3/bin:/Users/heberthbraga/.nvm/versions/node/v16.10.0/bin:/Users/heberthbraga/.jenv/shims:/Users/heberthbraga/.jenv/bin:/usr/local/opt/openssl/bin:/usr/local/sbin:/opt/homebrew/sbin:/opt/apache-maven/bin:/Users/heberthbraga/Library/Android/sdk/emulator:/Users/heberthbraga/Library/Android/sdk/tools:/Users/heberthbraga/Library/Android/sdk/tools/bin:/Users/heberthbraga/Library/Android/sdk/platform-tools:/Users/heberthbraga/.rvm/bin:/opt/apache-maven/bin:/Users/heberthbraga/Library/Android/sdk/tools:/opt/homebrew/bin:/opt/homebrew/opt/openssl@3/bin:/Users/heberthbraga/.nvm/versions/node/v16.10.0/bin:/Users/heberthbraga/.jenv/shims:/Users/heberthbraga/.jenv/bin:/usr/local/opt/openssl/bin:/usr/local/sbin:/opt/homebrew/bin:/opt/homebrew/sbin:/usr/local/bin:/usr/bin:/bin:/usr/sbin:/sbin:/Library/Apple/usr/bin:/Users/heberthbraga/.rvm/gems/ruby-3.1.2@project_management/bin:/Users/heberthbraga/.rvm/gems/ruby-3.1.2@global/bin:/Users/heberthbraga/.rvm/rubies/ruby-3.1.2/bin:/Users/heberthbraga/.rvm/bin:/usr/local/homebrew/opt/libxslt/bin:/Users/heberthbraga/.pyenv/shims:/Users/heberthbraga/.pyenv/bin:/usr/local/homebrew/bin:/Users/heberthbraga/.sdkman/candidates/grails/current/bin:/Users/heberthbraga/.sdkman/candidates/gradle/current/bin:/opt/homebrew/bin:/opt/homebrew/opt/openssl@3/bin:/Users/heberthbraga/.nvm/versions/node/v16.10.0/bin:/Users/heberthbraga/.jenv/shims:/Users/heberthbraga/.jenv/bin:/usr/local/opt/openssl/bin:/usr/local/sbin:/opt/homebrew/sbin:/opt/apache-maven/bin:/Users/heberthbraga/Library/Android/sdk/emulator:/Users/heberthbraga/Library/Android/sdk/tools:/Users/heberthbraga/Library/Android/sdk/tools/bin:/Users/heberthbraga/Library/Android/sdk/platform-tools:/Users/heberthbraga/.rvm/bin:/opt/apache-maven/bin:/Users/heberthbraga/Library/Android/sdk/emulator:/opt/homebrew/bin:/opt/homebrew/opt/openssl@3/bin:/Users/heberthbraga/.nvm/versions/node/v16.10.0/bin:/Users/heberthbraga/.jenv/shims:/Users/heberthbraga/.jenv/bin:/usr/local/opt/openssl/bin:/usr/local/sbin:/opt/homebrew/bin:/opt/homebrew/sbin:/usr/local/bin:/usr/bin:/bin:/usr/sbin:/sbin:/Library/Apple/usr/bin:/Users/heberthbraga/.rvm/gems/ruby-3.1.2@project_management/bin:/Users/heberthbraga/.rvm/gems/ruby-3.1.2@global/bin:/Users/heberthbraga/.rvm/rubies/ruby-3.1.2/bin:/Users/heberthbraga/.rvm/bin:/usr/local/homebrew/opt/libxslt/bin:/Users/heberthbraga/.pyenv/shims:/Users/heberthbraga/.pyenv/bin:/usr/local/homebrew/bin:/Users/heberthbraga/.sdkman/candidates/grails/current/bin:/Users/heberthbraga/.sdkman/candidates/gradle/current/bin:/opt/homebrew/bin:/opt/homebrew/opt/openssl@3/bin:/Users/heberthbraga/.nvm/versions/node/v16.10.0/bin:/Users/heberthbraga/.jenv/shims:/Users/heberthbraga/.jenv/bin:/usr/local/opt/openssl/bin:/usr/local/sbin:/opt/homebrew/sbin:/opt/apache-maven/bin:/Users/heberthbraga/Library/Android/sdk/emulator:/Users/heberthbraga/Library/Android/sdk/tools:/Users/heberthbraga/Library/Android/sdk/tools/bin:/Users/heberthbraga/Library/Android/sdk/platform-tools:/Users/heberthbraga/.rvm/bin:/opt/apache-maven/bin:/Users/heberthbraga/Library/Android/sdk/platform-tools:/opt/homebrew/bin:/opt/homebrew/opt/openssl@3/bin:/Users/heberthbraga/.nvm/versions/node/v16.10.0/bin:/Users/heberthbraga/.jenv/shims:/Users/heberthbraga/.jenv/bin:/usr/local/opt/openssl/bin:/usr/local/sbin:/opt/homebrew/bin:/opt/homebrew/sbin:/usr/local/bin:/usr/bin:/bin:/usr/sbin:/sbin:/Library/Apple/usr/bin:/Users/heberthbraga/.rvm/gems/ruby-3.1.2@project_management/bin:/Users/heberthbraga/.rvm/gems/ruby-3.1.2@global/bin:/Users/heberthbraga/.rvm/rubies/ruby-3.1.2/bin:/Users/heberthbraga/.rvm/bin:/usr/local/homebrew/opt/libxslt/bin:/Users/heberthbraga/.pyenv/shims:/Users/heberthbraga/.pyenv/bin:/usr/local/homebrew/bin:/Users/heberthbraga/.sdkman/candidates/grails/current/bin:/Users/heberthbraga/.sdkman/candidates/gradle/current/bin:/opt/homebrew/bin:/opt/homebrew/opt/openssl@3/bin:/Users/heberthbraga/.nvm/versions/node/v16.10.0/bin:/Users/heberthbraga/.jenv/shims:/Users/heberthbraga/.jenv/bin:/usr/local/opt/openssl/bin:/usr/local/sbin:/opt/homebrew/sbin:/opt/apache-maven/bin:/Users/heberthbraga/Library/Android/sdk/emulator:/Users/heberthbraga/Library/Android/sdk/tools:/Users/heberthbraga/Library/Android/sdk/tools/bin:/Users/heberthbraga/Library/Android/sdk/platform-tools:/Users/heberthbraga/.rvm/bin:/opt/apache-maven/bin:/Users/heberthbraga/Library/Android/sdk/emulator:/opt/homebrew/bin:/opt/homebrew/opt/openssl@3/bin:/Users/heberthbraga/.nvm/versions/node/v16.10.0/bin:/Users/heberthbraga/.jenv/shims:/Users/heberthbraga/.jenv/bin:/usr/local/opt/openssl/bin:/usr/local/sbin:/opt/homebrew/bin:/opt/homebrew/sbin:/usr/local/bin:/usr/bin:/bin:/usr/sbin:/sbin:/Library/Apple/usr/bin:/Users/heberthbraga/.rvm/gems/ruby-3.1.2@project_management/bin:/Users/heberthbraga/.rvm/gems/ruby-3.1.2@global/bin:/Users/heberthbraga/.rvm/rubies/ruby-3.1.2/bin:/Users/heberthbraga/.rvm/bin:/usr/local/homebrew/opt/libxslt/bin:/Users/heberthbraga/.pyenv/shims:/Users/he 
berthbraga/.pyenv/bin:/usr/local/homebrew/bin:/Users/heberthbraga/.sdkman/candidates/grails/current/bin:/Users/heberthbraga/.sdkman/candidates/gradle/current/bin:/opt/homebrew/bin:/opt/homebrew/opt/openssl@3/bin:/Users/heberthbraga/.nvm/versions/node/v16.10.0/bin:/Users/heberthbraga/.jenv/shims:/Users/heberthbraga/.jenv/bin:/usr/local/opt/openssl/bin:/usr/local/sbin:/opt/homebrew/sbin:/opt/apache-maven/bin:/Users/heberthbraga/Library/Android/sdk/emulator:/Users/heberthbraga/Library/Android/sdk/tools:/Users/heberthbraga/Library/Android/sdk/tools/bin:/Users/heberthbraga/Library/Android/sdk/platform-tools:/Users/heberthbraga/.rvm/bin:/opt/apache-maven/bin:/Users/heberthbraga/Library/Android/sdk/tools:/opt/homebrew/bin:/opt/homebrew/opt/openssl@3/bin:/Users/heberthbraga/.nvm/versions/node/v16.10.0/bin:/Users/heberthbraga/.jenv/shims:/Users/heberthbraga/.jenv/bin:/usr/local/opt/openssl/bin:/usr/local/sbin:/opt/homebrew/bin:/opt/homebrew/sbin:/usr/local/bin:/usr/bin:/bin:/usr/sbin:/sbin:/Library/Apple/usr/bin:/Users/heberthbraga/.rvm/gems/ruby-3.1.2@project_management/bin:/Users/heberthbraga/.rvm/gems/ruby-3.1.2@global/bin:/Users/heberthbraga/.rvm/rubies/ruby-3.1.2/bin:/Users/heberthbraga/.rvm/bin:/usr/local/homebrew/opt/libxslt/bin:/Users/heberthbraga/.pyenv/shims:/Users/heberthbraga/.pyenv/bin:/usr/local/homebrew/bin:/Users/heberthbraga/.sdkman/candidates/grails/current/bin:/Users/heberthbraga/.sdkman/candidates/gradle/current/bin:/opt/homebrew/bin:/opt/homebrew/opt/openssl@3/bin:/Users/heberthbraga/.nvm/versions/node/v16.10.0/bin:/Users/heberthbraga/.jenv/shims:/Users/heberthbraga/.jenv/bin:/usr/local/opt/openssl/bin:/usr/local/sbin:/opt/homebrew/sbin:/opt/apache-maven/bin:/Users/heberthbraga/Library/Android/sdk/emulator:/Users/heberthbraga/Library/Android/sdk/tools:/Users/heberthbraga/Library/Android/sdk/tools/bin:/Users/heberthbraga/Library/Android/sdk/platform-tools:/Users/heberthbraga/.rvm/bin:/opt/apache-maven/bin:/Users/heberthbraga/Library/Android/sdk/emulator:/opt/homebrew/bin:/opt/homebrew/opt/openssl@3/bin:/Users/heberthbraga/.nvm/versions/node/v16.10.0/bin:/Users/heberthbraga/.jenv/shims:/Users/heberthbraga/.jenv/bin:/usr/local/opt/openssl/bin:/usr/local/sbin:/opt/homebrew/bin:/opt/homebrew/sbin:/usr/local/bin:/usr/bin:/bin:/usr/sbin:/sbin:/Library/Apple/usr/bin:/Users/heberthbraga/.rvm/gems/ruby-3.1.2@project_management/bin:/Users/heberthbraga/.rvm/gems/ruby-3.1.2@global/bin:/Users/heberthbraga/.rvm/rubies/ruby-3.1.2/bin:/Users/heberthbraga/.rvm/bin:/usr/local/homebrew/opt/libxslt/bin:/Users/heberthbraga/.pyenv/shims:/Users/heberthbraga/.pyenv/bin:/usr/local/homebrew/bin:/Users/heberthbraga/.sdkman/candidates/grails/current/bin:/Users/heberthbraga/.sdkman/candidates/gradle/current/bin:/opt/homebrew/bin:/opt/homebrew/opt/openssl@3/bin:/Users/heberthbraga/.nvm/versions/node/v16.10.0/bin:/Users/heberthbraga/.jenv/shims:/Users/heberthbraga/.jenv/bin:/usr/local/opt/openssl/bin:/usr/local/sbin:/opt/homebrew/sbin:/opt/apache-maven/bin:/Users/heberthbraga/Library/Android/sdk/emulator:/Users/heberthbraga/Library/Android/sdk/tools:/Users/heberthbraga/Library/Android/sdk/tools/bin:/Users/heberthbraga/Library/Android/sdk/platform-tools:/Users/heberthbraga/.rvm/bin:/opt/apache-maven/bin:/Users/heberthbraga/Library/Android/sdk/tools/bin:/opt/homebrew/bin:/opt/homebrew/opt/openssl@3/bin:/Users/heberthbraga/.nvm/versions/node/v16.10.0/bin:/Users/heberthbraga/.jenv/shims:/Users/heberthbraga/.jenv/bin:/usr/local/opt/openssl/bin:/usr/local/sbin:/opt/homebrew/bin:/opt/homebrew/sbin:/usr/local/bin:/usr/bin:/bin:/usr/sbin:/sbin:/Library/Apple/usr/bin:/Users/heberthbraga/.rvm/gems/ruby-3.1.2@project_management/bin:/Users/heberthbraga/.rvm/gems/ruby-3.1.2@global/bin:/Users/heberthbraga/.rvm/rubies/ruby-3.1.2/bin:/Users/heberthbraga/.rvm/bin:/usr/local/homebrew/opt/libxslt/bin:/Users/heberthbraga/.pyenv/shims:/Users/heberthbraga/.pyenv/bin:/usr/local/homebrew/bin:/Users/heberthbraga/.sdkman/candidates/grails/current/bin:/Users/heberthbraga/.sdkman/candidates/gradle/current/bin:/opt/homebrew/bin:/opt/homebrew/opt/openssl@3/bin:/Users/heberthbraga/.nvm/versions/node/v16.10.0/bin:/Users/heberthbraga/.jenv/shims:/Users/heberthbraga/.jenv/bin:/usr/local/opt/openssl/bin:/usr/local/sbin:/opt/homebrew/sbin:/opt/apache-maven/bin:/Users/heberthbraga/Library/Android/sdk/emulator:/Users/heberthbraga/Library/Android/sdk/tools:/Users/heberthbraga/Library/Android/sdk/tools/bin:/Users/heberthbraga/Library/Android/sdk/platform-tools:/Users/heberthbraga/.rvm/bin:/opt/apache-maven/bin:/Users/heberthbraga/Library/Android/sdk/emulator:/opt/homebrew/bin:/opt/homebrew/opt/openssl@3/bin:/Users/heberthbraga/.nvm/versions/node/v16.10.0/bin:/Users/heberthbraga/.jenv/shims:/Users/heberthbraga/.jenv/bin:/usr/local/opt/openssl/bin:/usr/local/sbin:/opt/homebrew/bin:/opt/homebrew/sbin:/usr/local/bin:/usr/bin:/bin:/usr/sbin:/sbin:/Library/Apple/usr/bin:/Users/heberthbraga/.rvm/gems/ruby-3.1.2@project_management/bin:/Users/heberthbraga/.rvm/gems/ruby-3.1.2@global/bin:/Users/heberthbraga/.rvm/rubies/ruby-3.1.2/bin:/Users/heberthbraga/.rvm/bin:/usr/local/homebrew/opt/libxslt/bin:/Users/heberthbraga/.pyenv/shims:/Users/heberthbraga/.pyenv/bin:/usr/local/homebrew/bin:/Users/heberthbraga/.sdkman/candidates/grails/current/bin:/Users/heberthbraga/.sdkman/candidates/gradle/current/bin:/opt/homebrew/bin:/opt/homebrew/opt/openssl@3/bin:/Users/heberthbraga/.nvm/versions/node/v16.10.0/bin:/Users/heberthbraga/.jenv/shims:/Users/heberthbraga/.jenv/bin:/usr/local/opt/openssl/bin:/usr/local/sbin:/opt/homebrew/sbin:/opt/apache-maven/bin:/Users/heberthbraga/Library/Android/sdk/emulator:/Users/heberthbraga/Library/Android/sdk/tools:/Users/heberthbraga/Library/Android/sdk/tools/bin:/Users/heberthbraga/Library/Android/sdk/platform-tools:/Users/heberthbraga/.rvm/bin:/opt/apache-maven/bin:/Users/heberthbraga/Library/Android/sdk/tools:/opt/homebrew/bin:/opt/homebrew/opt/openssl@3/bin:/Users/heberthbraga/.nvm/versions/node/v16.10.0/bin:/Users/heberthbraga/.jenv/shims:/Users/heberthbraga/.jenv/bin:/usr/local/opt/openssl/bin:/usr/local/sbin:/opt/homebrew/bin:/opt/homebrew/sbin:/usr/local/bin:/usr/bin:/bin:/usr/sbin:/sbin:/Library/Apple/usr/bin:/Users/heberthbraga/.rvm/gems/ruby-3.1.2@project_management/bin:/Users/heberthbraga/.rvm/gems/ruby-3.1.2@global/bin:/Users/heberthbraga/.rvm/rubies/ruby-3.1.2/bin:/Users/heberthbraga/.rvm/bin:/usr/local/homebrew/opt/libxslt/bin:/Users/heberthbraga/.pyenv/shims:/Users/heberthbraga/.pyenv/bin:/usr/local/homebrew/bin:/Users/heberthbraga/.sdkman/candidates/grails/current/bin:/Users/heberthbraga/.sdkman/candidates/gradle/current/bin:/opt/homebrew/bin:/opt/homebrew/opt/openssl@3/bin:/Users/heberthbraga/.nvm/versions/node/v16.10.0/bin:/Users/heberthbraga/.jenv/shims:/Users/heberthbraga/.jenv/bin:/usr/local/opt/openssl/bin:/usr/local/sbin:/opt/homebrew/sbin:/opt/apache-maven/bin:/Users/heberthbraga/Library/Android/sdk/emulator:/Users/heberthbraga/Library/Android/sdk/tools:/Users/heberthbraga/Library/Android/sdk/tools/bin:/Users/heberthbraga/Library/Android/sdk/platform-tools:/Users/heberthbraga/.rvm/bin:/opt/apache-maven/bin:/Users/heberthbraga/Library/Android/sdk/emulator:/opt/homebrew/bin:/opt/homebrew/opt/openssl@3/bin:/Users/heberthbraga/.nvm/versions/node/v16.10.0/bin:/Users/heberthbraga/.jenv/shims:/Users/heberthbraga/.jenv/bin:/usr/local/opt/openssl/bin:/usr/local/sbin:/opt/homebrew/bin:/opt/homebrew/sbin:/usr/local/bin:/usr/bin:/bin:/usr/sbin:/sbin:/Library/Apple/usr/bin:/Users/heberthbraga/.rvm/gems/ruby-3.1.2@project_management/bin:/Users/heberthbraga/.rvm/gems/ruby-3.1.2@global/bin:/Users/heberthbraga/.rvm/rubies/ruby-3.1.2/bin:/Users/heberthbraga/.rvm/bin:/usr/local/homebrew/opt/libxslt/bin:/Users/heberthbraga/.pyenv/shims:/Users/heberthbraga/.pyenv/bin:/usr/local/homebrew/bin:/Users/heberthbraga/.sdkman/candidates/grails/current/bin:/Users/heberthbraga/.sdkman/candidates/gradle/current/bin:/opt/homebrew/bin:/opt/homebrew/opt/openssl@3/bin:/Users/heberthbraga/.nvm/versions/node/v16.10.0/bin:/Users/heberthbraga/.jenv/shims:/Users/heberthbraga/.jenv/bin:/usr/local/opt/openssl/bin:/usr/local/sbin:/opt/homebrew/sbin:/opt/apache-maven/bin:/Users/heberthbraga/Library/Android 
/sdk/emulator:/Users/heberthbraga/Library/Android/sdk/tools:/Users/heberthbraga/Library/Android/sdk/tools/bin:/Users/heberthbraga/Library/Android/sdk/platform-tools:/Users/heberthbraga/.rvm/bin:/opt/apache-maven/bin
# environment
LANG = C
# environment
TERM = xterm-256color
# environment
rvm_use_flag = 
# environment
_P9K_TTY = /dev/ttys000
# environment
VSCODE_PID = 2337
# environment
MY_RUBY_HOME = /Users/heberthbraga/.rvm/rubies/ruby-3.0.2
# environment
rvm_nightly_flag = 
# variable set hash-table stats:
# Load=138/1024=13%, Rehash=0, Collisions=13/163=8%

# Pattern-specific Variable Values

# No pattern-specific variable values.

# Directories

# . (device 16777229, inode 28785689): 33 files, no impossibilities.

# 33 files, no impossibilities in 1 directories.

# Implicit Rules

# No implicit rules.

# Files

stop-local:
#  Implicit rule search has not been done.
#  Modification time never checked.
#  File has not been updated.
#  commands to execute (from `Makefile', line 17):
	${DOCKER_COMPOSE_CMD} stop
	

# Not a target:
all:
#  Command-line target.
#  Implicit rule search has been done.
#  File does not exist.
#  File has not been updated.
# variable set hash-table stats:
# Load=0/32=0%, Rehash=0, Collisions=0/0=0%

.PHONY: test
#  Implicit rule search has not been done.
#  Modification time never checked.
#  File has not been updated.

up:
#  Implicit rule search has not been done.
#  Modification time never checked.
#  File has not been updated.
#  commands to execute (from `Makefile', line 14):
	${DOCKER_COMPOSE_CMD} -p ${ROOT_NAME} up -d
	

# Not a target:
.SUFFIXES:
#  Implicit rule search has not been done.
#  Modification time never checked.
#  File has not been updated.

# Not a target:
Makefile:
#  Implicit rule search has been done.
#  Last modified 2022-06-03 17:32:54
#  File has been updated.
#  Successfully updated.
# variable set hash-table stats:
# Load=0/32=0%, Rehash=0, Collisions=0/0=0%

test:
#  Phony target (prerequisite of .PHONY).
#  Implicit rule search has not been done.
#  File does not exist.
#  File has not been updated.

start-local:
#  Implicit rule search has not been done.
#  Modification time never checked.
#  File has not been updated.
#  commands to execute (from `Makefile', line 20):
	${DOCKER_COMPOSE_CMD} start -d
	

build-local:
#  Implicit rule search has not been done.
#  Modification time never checked.
#  File has not been updated.
#  commands to execute (from `Makefile', line 11):
	${DOCKER_COMPOSE_CMD} -p ${ROOT_NAME} up -d --build
	

# Not a target:
.DEFAULT:
#  Implicit rule search has not been done.
#  Modification time never checked.
#  File has not been updated.

restart-local:
#  Implicit rule search has not been done.
#  Modification time never checked.
#  File has not been updated.
#  commands to execute (from `Makefile', line 23):
	${DOCKER_COMPOSE_CMD} restart
	

drop-volumes:
#  Implicit rule search has not been done.
#  Modification time never checked.
#  File has not been updated.
#  commands to execute (from `Makefile', line 8):
	${DOCKER_COMPOSE_CMD} -p ${ROOT_NAME} down --volumes
	

# files hash-table stats:
# Load=12/1024=1%, Rehash=0, Collisions=0/25=0%
# VPATH Search Paths

# No `vpath' search paths.

# No general (`VPATH' variable) search path.

# # of strings in strcache: 1
# # of strcache buffers: 1
# strcache size: total = 4096 / max = 4096 / min = 4096 / avg = 4096
# strcache free: total = 4087 / max = 4087 / min = 4087 / avg = 4087

# Finished Make data base on Mon Jun  6 11:15:01 2022

 
